materialfile_deps/android/subsampling/build/intermediates/manifest_merge_blame_file/release/processReleaseManifest/manifest-merger-blame-release-report.txt
1<?xml version="1.0" encoding="utf-8"?>
2<manifest xmlns:android="http://schemas.android.com/apk/res/android"
3    package="com.davemorrissey.labs.subscaleview"
4    android:versionCode="1"
5    android:versionName="1.0" >
6
7    <uses-sdk android:minSdkVersion="21" />
7-->subsampling\src\AndroidManifest.xml:6:5-73
7-->subsampling\src\AndroidManifest.xml:6:15-41
8
9</manifest>